<?xml version="1.0" encoding="UTF-8"?>
<!-- Generated by org.testng.reporters.JUnitReportReporter -->
<testsuite skipped="0" hostname="LAPTOP-9CM2R7EG" name="testcases.SendMailTest" tests="1" failures="0" timestamp="2022-08-30T20:51:26 IST" time="0.008" errors="0">
  <testcase name="sendMail" time="0.008" classname="testcases.SendMailTest"/>
  <system-out/>
</testsuite> <!-- testcases.SendMailTest -->
