<?xml version="1.0" encoding="UTF-8"?>
<!-- Generated by org.testng.reporters.JUnitReportReporter -->
<testsuite skipped="0" hostname="LAPTOP-9CM2R7EG" name="testcases.ReceiveMailTest" tests="1" failures="0" timestamp="2022-08-30T20:51:26 IST" time="0.002" errors="0">
  <testcase name="receiveMail" time="0.002" classname="testcases.ReceiveMailTest"/>
  <system-out/>
</testsuite> <!-- testcases.ReceiveMailTest -->
